<?xml version="1.0" encoding="UTF-8"?>
<coverage generated="1696862503580" clover="3.2.0">
  <project timestamp="1696862503580" name="All files">
    <metrics statements="126" coveredstatements="112" conditionals="20" coveredconditionals="18" methods="35" coveredmethods="26" elements="181" coveredelements="156" complexity="0" loc="126" ncloc="126" packages="15" files="21" classes="21"/>
    <package name="components.Button">
      <metrics statements="5" coveredstatements="5" conditionals="1" coveredconditionals="1" methods="1" coveredmethods="1"/>
      <file name="Button.tsx" path="/Users/derick/code/aca-login/src/components/Button/Button.tsx">
        <metrics statements="5" coveredstatements="5" conditionals="1" coveredconditionals="1" methods="1" coveredmethods="1"/>
        <line num="2" count="2" type="stmt"/>
        <line num="3" count="2" type="stmt"/>
        <line num="4" count="2" type="stmt"/>
        <line num="6" count="2" type="cond" truecount="1" falsecount="0"/>
        <line num="7" count="6" type="stmt"/>
      </file>
    </package>
    <package name="components.Button.helpers">
      <metrics statements="3" coveredstatements="3" conditionals="0" coveredconditionals="0" methods="1" coveredmethods="1"/>
      <file name="getColorByVariant.ts" path="/Users/derick/code/aca-login/src/components/Button/helpers/getColorByVariant.ts">
        <metrics statements="3" coveredstatements="3" conditionals="0" coveredconditionals="0" methods="1" coveredmethods="1"/>
        <line num="1" count="2" type="stmt"/>
        <line num="4" count="2" type="stmt"/>
        <line num="15" count="12" type="stmt"/>
      </file>
    </package>
    <package name="components.Icons">
      <metrics statements="5" coveredstatements="5" conditionals="0" coveredconditionals="0" methods="2" coveredmethods="2"/>
      <file name="Aca.tsx" path="/Users/derick/code/aca-login/src/components/Icons/Aca.tsx">
        <metrics statements="3" coveredstatements="3" conditionals="0" coveredconditionals="0" methods="1" coveredmethods="1"/>
        <line num="1" count="1" type="stmt"/>
        <line num="62" count="1" type="stmt"/>
        <line num="63" count="2" type="stmt"/>
      </file>
      <file name="Eye.tsx" path="/Users/derick/code/aca-login/src/components/Icons/Eye.tsx">
        <metrics statements="2" coveredstatements="2" conditionals="0" coveredconditionals="0" methods="1" coveredmethods="1"/>
        <line num="3" count="2" type="stmt"/>
        <line num="4" count="7" type="stmt"/>
      </file>
    </package>
    <package name="components.Input">
      <metrics statements="10" coveredstatements="10" conditionals="9" coveredconditionals="9" methods="3" coveredmethods="2"/>
      <file name="Input.tsx" path="/Users/derick/code/aca-login/src/components/Input/Input.tsx">
        <metrics statements="10" coveredstatements="10" conditionals="9" coveredconditionals="9" methods="3" coveredmethods="2"/>
        <line num="1" count="2" type="stmt"/>
        <line num="2" count="2" type="stmt"/>
        <line num="3" count="2" type="stmt"/>
        <line num="4" count="2" type="stmt"/>
        <line num="7" count="2" type="cond" truecount="1" falsecount="0"/>
        <line num="8" count="26" type="stmt"/>
        <line num="10" count="26" type="stmt"/>
        <line num="12" count="26" type="stmt"/>
        <line num="13" count="15" type="stmt"/>
        <line num="16" count="26" type="stmt"/>
      </file>
    </package>
    <package name="components.Text">
      <metrics statements="4" coveredstatements="4" conditionals="4" coveredconditionals="4" methods="1" coveredmethods="1"/>
      <file name="Text.tsx" path="/Users/derick/code/aca-login/src/components/Text/Text.tsx">
        <metrics statements="4" coveredstatements="4" conditionals="4" coveredconditionals="4" methods="1" coveredmethods="1"/>
        <line num="2" count="4" type="stmt"/>
        <line num="3" count="4" type="stmt"/>
        <line num="5" count="4" type="stmt"/>
        <line num="12" count="31" type="stmt"/>
      </file>
    </package>
    <package name="components.Text.helpers">
      <metrics statements="2" coveredstatements="2" conditionals="0" coveredconditionals="0" methods="1" coveredmethods="1"/>
      <file name="getElementBySize.ts" path="/Users/derick/code/aca-login/src/components/Text/helpers/getElementBySize.ts">
        <metrics statements="2" coveredstatements="2" conditionals="0" coveredconditionals="0" methods="1" coveredmethods="1"/>
        <line num="3" count="4" type="stmt"/>
        <line num="10" count="31" type="stmt"/>
      </file>
    </package>
    <package name="services">
      <metrics statements="2" coveredstatements="2" conditionals="0" coveredconditionals="0" methods="0" coveredmethods="0"/>
      <file name="index.ts" path="/Users/derick/code/aca-login/src/services/index.ts">
        <metrics statements="2" coveredstatements="2" conditionals="0" coveredconditionals="0" methods="0" coveredmethods="0"/>
        <line num="1" count="1" type="stmt"/>
        <line num="3" count="1" type="stmt"/>
      </file>
    </package>
    <package name="storybook.decorators">
      <metrics statements="11" coveredstatements="11" conditionals="0" coveredconditionals="0" methods="3" coveredmethods="3"/>
      <file name="BackgroundLayoutDecorator.tsx" path="/Users/derick/code/aca-login/src/storybook/decorators/BackgroundLayoutDecorator.tsx">
        <metrics statements="3" coveredstatements="3" conditionals="0" coveredconditionals="0" methods="1" coveredmethods="1"/>
        <line num="2" count="3" type="stmt"/>
        <line num="4" count="3" type="stmt"/>
        <line num="5" count="8" type="stmt"/>
      </file>
      <file name="RouterDecorator.tsx" path="/Users/derick/code/aca-login/src/storybook/decorators/RouterDecorator.tsx">
        <metrics statements="4" coveredstatements="4" conditionals="0" coveredconditionals="0" methods="1" coveredmethods="1"/>
        <line num="2" count="1" type="stmt"/>
        <line num="3" count="1" type="stmt"/>
        <line num="5" count="1" type="stmt"/>
        <line num="6" count="2" type="stmt"/>
      </file>
      <file name="ThemeDecorator.tsx" path="/Users/derick/code/aca-login/src/storybook/decorators/ThemeDecorator.tsx">
        <metrics statements="4" coveredstatements="4" conditionals="0" coveredconditionals="0" methods="1" coveredmethods="1"/>
        <line num="2" count="4" type="stmt"/>
        <line num="3" count="4" type="stmt"/>
        <line num="5" count="4" type="stmt"/>
        <line num="6" count="10" type="stmt"/>
      </file>
    </package>
    <package name="themes">
      <metrics statements="4" coveredstatements="4" conditionals="0" coveredconditionals="0" methods="0" coveredmethods="0"/>
      <file name="appTheme.ts" path="/Users/derick/code/aca-login/src/themes/appTheme.ts">
        <metrics statements="4" coveredstatements="4" conditionals="0" coveredconditionals="0" methods="0" coveredmethods="0"/>
        <line num="3" count="4" type="stmt"/>
        <line num="12" count="4" type="stmt"/>
        <line num="19" count="4" type="stmt"/>
        <line num="27" count="4" type="stmt"/>
      </file>
    </package>
    <package name="views.ConfirmEmail">
      <metrics statements="2" coveredstatements="2" conditionals="0" coveredconditionals="0" methods="1" coveredmethods="1"/>
      <file name="ConfirmEmail.tsx" path="/Users/derick/code/aca-login/src/views/ConfirmEmail/ConfirmEmail.tsx">
        <metrics statements="2" coveredstatements="2" conditionals="0" coveredconditionals="0" methods="1" coveredmethods="1"/>
        <line num="1" count="1" type="stmt"/>
        <line num="2" count="1" type="stmt"/>
      </file>
    </package>
    <package name="views.RegisterView">
      <metrics statements="7" coveredstatements="7" conditionals="0" coveredconditionals="0" methods="1" coveredmethods="1"/>
      <file name="RegisterView.tsx" path="/Users/derick/code/aca-login/src/views/RegisterView/RegisterView.tsx">
        <metrics statements="7" coveredstatements="7" conditionals="0" coveredconditionals="0" methods="1" coveredmethods="1"/>
        <line num="1" count="1" type="stmt"/>
        <line num="2" count="1" type="stmt"/>
        <line num="3" count="1" type="stmt"/>
        <line num="4" count="1" type="stmt"/>
        <line num="5" count="1" type="stmt"/>
        <line num="7" count="1" type="stmt"/>
        <line num="8" count="2" type="stmt"/>
      </file>
    </package>
    <package name="views.RegisterView.Header">
      <metrics statements="4" coveredstatements="4" conditionals="0" coveredconditionals="0" methods="1" coveredmethods="1"/>
      <file name="Header.tsx" path="/Users/derick/code/aca-login/src/views/RegisterView/Header/Header.tsx">
        <metrics statements="4" coveredstatements="4" conditionals="0" coveredconditionals="0" methods="1" coveredmethods="1"/>
        <line num="1" count="1" type="stmt"/>
        <line num="2" count="1" type="stmt"/>
        <line num="4" count="1" type="stmt"/>
        <line num="5" count="2" type="stmt"/>
      </file>
    </package>
    <package name="views.RegisterView.RegisterForm">
      <metrics statements="16" coveredstatements="16" conditionals="1" coveredconditionals="1" methods="3" coveredmethods="3"/>
      <file name="RegisterForm.tsx" path="/Users/derick/code/aca-login/src/views/RegisterView/RegisterForm/RegisterForm.tsx">
        <metrics statements="16" coveredstatements="16" conditionals="1" coveredconditionals="1" methods="3" coveredmethods="3"/>
        <line num="2" count="1" type="stmt"/>
        <line num="3" count="1" type="stmt"/>
        <line num="4" count="1" type="stmt"/>
        <line num="5" count="1" type="stmt"/>
        <line num="6" count="1" type="stmt"/>
        <line num="8" count="1" type="stmt"/>
        <line num="9" count="1" type="stmt"/>
        <line num="11" count="1" type="stmt"/>
        <line num="12" count="3" type="stmt"/>
        <line num="14" count="3" type="stmt"/>
        <line num="16" count="3" type="stmt"/>
        <line num="17" count="1" type="stmt"/>
        <line num="19" count="1" type="stmt"/>
        <line num="22" count="1" type="cond" truecount="1" falsecount="0"/>
        <line num="25" count="3" type="stmt"/>
        <line num="32" count="15" type="stmt"/>
      </file>
    </package>
    <package name="views.RegisterView.RegisterViewContext">
      <metrics statements="33" coveredstatements="27" conditionals="2" coveredconditionals="0" methods="10" coveredmethods="7"/>
      <file name="RegisterViewContext.tsx" path="/Users/derick/code/aca-login/src/views/RegisterView/RegisterViewContext/RegisterViewContext.tsx">
        <metrics statements="30" coveredstatements="24" conditionals="2" coveredconditionals="0" methods="9" coveredmethods="6"/>
        <line num="1" count="1" type="stmt"/>
        <line num="8" count="1" type="stmt"/>
        <line num="10" count="1" type="stmt"/>
        <line num="11" count="1" type="stmt"/>
        <line num="13" count="1" type="stmt"/>
        <line num="19" count="1" type="stmt"/>
        <line num="21" count="1" type="stmt"/>
        <line num="22" count="5" type="stmt"/>
        <line num="31" count="5" type="stmt"/>
        <line num="33" count="1" type="stmt"/>
        <line num="36" count="1" type="stmt"/>
        <line num="37" count="5" type="stmt"/>
        <line num="44" count="1" type="stmt"/>
        <line num="46" count="1" type="stmt"/>
        <line num="47" count="1" type="stmt"/>
        <line num="54" count="1" type="stmt"/>
        <line num="55" count="1" type="stmt"/>
        <line num="56" count="1" type="stmt"/>
        <line num="58" count="1" type="cond" truecount="0" falsecount="1"/>
        <line num="59" count="0" type="stmt"/>
        <line num="60" count="0" type="stmt"/>
        <line num="62" count="0" type="stmt"/>
        <line num="63" count="0" type="cond" truecount="0" falsecount="1"/>
        <line num="65" count="0" type="stmt"/>
        <line num="70" count="0" type="stmt"/>
        <line num="79" count="5" type="stmt"/>
        <line num="80" count="25" type="stmt"/>
        <line num="84" count="5" type="stmt"/>
        <line num="85" count="5" type="stmt"/>
        <line num="93" count="5" type="stmt"/>
      </file>
      <file name="useRegisterFormContext.ts" path="/Users/derick/code/aca-login/src/views/RegisterView/RegisterViewContext/useRegisterFormContext.ts">
        <metrics statements="3" coveredstatements="3" conditionals="0" coveredconditionals="0" methods="1" coveredmethods="1"/>
        <line num="1" count="1" type="stmt"/>
        <line num="2" count="1" type="stmt"/>
        <line num="4" count="3" type="stmt"/>
      </file>
    </package>
    <package name="views.RegisterView.helpers">
      <metrics statements="18" coveredstatements="10" conditionals="3" coveredconditionals="3" methods="7" coveredmethods="2"/>
      <file name="registerFormSchema.ts" path="/Users/derick/code/aca-login/src/views/RegisterView/helpers/registerFormSchema.ts">
        <metrics statements="1" coveredstatements="1" conditionals="0" coveredconditionals="0" methods="0" coveredmethods="0"/>
        <line num="10" count="1" type="stmt"/>
      </file>
      <file name="serializeFormInputElements.ts" path="/Users/derick/code/aca-login/src/views/RegisterView/helpers/serializeFormInputElements.ts">
        <metrics statements="7" coveredstatements="7" conditionals="3" coveredconditionals="3" methods="2" coveredmethods="2"/>
        <line num="1" count="1" type="stmt"/>
        <line num="4" count="1" type="stmt"/>
        <line num="6" count="1" type="stmt"/>
        <line num="7" count="11" type="stmt"/>
        <line num="8" count="11" type="cond" truecount="3" falsecount="0"/>
        <line num="9" count="5" type="stmt"/>
        <line num="12" count="1" type="stmt"/>
      </file>
      <file name="transformHyphenToCapital.ts" path="/Users/derick/code/aca-login/src/views/RegisterView/helpers/transformHyphenToCapital.ts">
        <metrics statements="10" coveredstatements="2" conditionals="0" coveredconditionals="0" methods="5" coveredmethods="0"/>
        <line num="1" count="1" type="stmt"/>
        <line num="2" count="0" type="stmt"/>
        <line num="4" count="0" type="stmt"/>
        <line num="5" count="0" type="stmt"/>
        <line num="7" count="0" type="stmt"/>
        <line num="9" count="0" type="stmt"/>
        <line num="12" count="0" type="stmt"/>
        <line num="15" count="1" type="stmt"/>
        <line num="16" count="0" type="stmt"/>
        <line num="18" count="0" type="stmt"/>
      </file>
    </package>
  </project>
</coverage>
