{"/Users/derick/code/aca-login/src/components/Button/Button.tsx": {"path":"/Users/derick/code/aca-login/src/components/Button/Button.tsx","statementMap":{"0":{"start":{"line":2,"column":0},"end":{"line":2,"column":37}},"1":{"start":{"line":3,"column":0},"end":{"line":3,"column":36}},"2":{"start":{"line":4,"column":0},"end":{"line":4,"column":64}},"3":{"start":{"line":6,"column":22},"end":{"line":11,"column":null}},"4":{"start":{"line":7,"column":2},"end":{"line":10,"column":null}},"5":{"start":{"line":6,"column":13},"end":{"line":6,"column":22}}},"fnMap":{"0":{"name":"(anonymous_6)","decl":{"start":{"line":6,"column":22},"end":{"line":6,"column":23}},"loc":{"start":{"line":7,"column":2},"end":{"line":10,"column":null}}}},"branchMap":{"0":{"loc":{"start":{"line":6,"column":35},"end":{"line":6,"column":55}},"type":"default-arg","locations":[{"start":{"line":6,"column":46},"end":{"line":6,"column":55}}]}},"s":{"0":2,"1":2,"2":2,"3":2,"4":6,"5":2},"f":{"0":6},"b":{"0":[5]}}
,"/Users/derick/code/aca-login/src/components/Button/helpers/getColorByVariant.ts": {"path":"/Users/derick/code/aca-login/src/components/Button/helpers/getColorByVariant.ts","statementMap":{"0":{"start":{"line":1,"column":0},"end":{"line":1,"column":50}},"1":{"start":{"line":4,"column":49},"end":{"line":13,"column":2}},"2":{"start":{"line":15,"column":33},"end":{"line":15,"column":91}},"3":{"start":{"line":15,"column":65},"end":{"line":15,"column":91}},"4":{"start":{"line":15,"column":13},"end":{"line":15,"column":33}}},"fnMap":{"0":{"name":"(anonymous_0)","decl":{"start":{"line":15,"column":33},"end":{"line":15,"column":34}},"loc":{"start":{"line":15,"column":65},"end":{"line":15,"column":91}}}},"branchMap":{},"s":{"0":2,"1":2,"2":2,"3":12,"4":2},"f":{"0":12},"b":{}}
,"/Users/derick/code/aca-login/src/components/Icons/Aca.tsx": {"path":"/Users/derick/code/aca-login/src/components/Icons/Aca.tsx","statementMap":{"0":{"start":{"line":1,"column":0},"end":{"line":61,"column":7}},"1":{"start":{"line":62,"column":19},"end":{"line":138,"column":1}},"2":{"start":{"line":63,"column":2},"end":{"line":137,"column":4}},"3":{"start":{"line":62,"column":13},"end":{"line":62,"column":19}}},"fnMap":{"0":{"name":"(anonymous_0)","decl":{"start":{"line":62,"column":19},"end":{"line":62,"column":22}},"loc":{"start":{"line":62,"column":24},"end":{"line":138,"column":1}}}},"branchMap":{},"s":{"0":1,"1":1,"2":2,"3":1},"f":{"0":2},"b":{}}
,"/Users/derick/code/aca-login/src/components/Icons/Eye.tsx": {"path":"/Users/derick/code/aca-login/src/components/Icons/Eye.tsx","statementMap":{"0":{"start":{"line":3,"column":19},"end":{"line":20,"column":null}},"1":{"start":{"line":4,"column":2},"end":{"line":19,"column":null}},"2":{"start":{"line":3,"column":13},"end":{"line":3,"column":19}}},"fnMap":{"0":{"name":"(anonymous_0)","decl":{"start":{"line":3,"column":19},"end":{"line":3,"column":20}},"loc":{"start":{"line":4,"column":2},"end":{"line":19,"column":null}}}},"branchMap":{},"s":{"0":2,"1":7,"2":2},"f":{"0":7},"b":{}}
,"/Users/derick/code/aca-login/src/components/Input/Input.tsx": {"path":"/Users/derick/code/aca-login/src/components/Input/Input.tsx","statementMap":{"0":{"start":{"line":1,"column":0},"end":{"line":1,"column":44}},"1":{"start":{"line":2,"column":0},"end":{"line":2,"column":35}},"2":{"start":{"line":3,"column":0},"end":{"line":3,"column":36}},"3":{"start":{"line":4,"column":0},"end":{"line":4,"column":36}},"4":{"start":{"line":7,"column":21},"end":{"line":44,"column":1}},"5":{"start":{"line":8,"column":54},"end":{"line":8,"column":76}},"6":{"start":{"line":10,"column":31},"end":{"line":10,"column":79}},"7":{"start":{"line":10,"column":37},"end":{"line":10,"column":79}},"8":{"start":{"line":12,"column":2},"end":{"line":14,"column":21}},"9":{"start":{"line":13,"column":4},"end":{"line":13,"column":40}},"10":{"start":{"line":16,"column":2},"end":{"line":43,"column":4}},"11":{"start":{"line":7,"column":13},"end":{"line":7,"column":21}}},"fnMap":{"0":{"name":"(anonymous_6)","decl":{"start":{"line":7,"column":21},"end":{"line":7,"column":22}},"loc":{"start":{"line":7,"column":92},"end":{"line":44,"column":1}}},"1":{"name":"(anonymous_7)","decl":{"start":{"line":10,"column":31},"end":{"line":10,"column":34}},"loc":{"start":{"line":10,"column":37},"end":{"line":10,"column":79}}},"2":{"name":"(anonymous_8)","decl":{"start":{"line":12,"column":12},"end":{"line":12,"column":15}},"loc":{"start":{"line":12,"column":17},"end":{"line":14,"column":3}}}},"branchMap":{"0":{"loc":{"start":{"line":7,"column":45},"end":{"line":7,"column":65}},"type":"default-arg","locations":[{"start":{"line":7,"column":60},"end":{"line":7,"column":65}}]},"1":{"loc":{"start":{"line":18,"column":7},"end":{"line":22,"column":14}},"type":"cond-expr","locations":[{"start":{"line":19,"column":8},"end":{"line":20,"column":null}},{"start":{"line":22,"column":10},"end":{"line":22,"column":14}}]},"2":{"loc":{"start":{"line":26,"column":16},"end":{"line":26,"column":56}},"type":"cond-expr","locations":[{"start":{"line":26,"column":37},"end":{"line":26,"column":47}},{"start":{"line":26,"column":50},"end":{"line":26,"column":56}}]},"3":{"loc":{"start":{"line":29,"column":9},"end":{"line":32,"column":null}},"type":"binary-expr","locations":[{"start":{"line":29,"column":9},"end":{"line":29,"column":21}},{"start":{"line":30,"column":10},"end":{"line":31,"column":null}}]},"4":{"loc":{"start":{"line":35,"column":7},"end":{"line":41,"column":14}},"type":"cond-expr","locations":[{"start":{"line":36,"column":8},"end":{"line":39,"column":null}},{"start":{"line":41,"column":10},"end":{"line":41,"column":14}}]}},"s":{"0":2,"1":2,"2":2,"3":2,"4":2,"5":26,"6":26,"7":0,"8":26,"9":15,"10":26,"11":2},"f":{"0":26,"1":0,"2":15},"b":{"0":[15],"1":[21,5],"2":[10,16],"3":[26,9],"4":[1,25]}}
,"/Users/derick/code/aca-login/src/components/Text/Text.tsx": {"path":"/Users/derick/code/aca-login/src/components/Text/Text.tsx","statementMap":{"0":{"start":{"line":2,"column":0},"end":{"line":2,"column":35}},"1":{"start":{"line":3,"column":0},"end":{"line":3,"column":62}},"2":{"start":{"line":5,"column":20},"end":{"line":18,"column":null}},"3":{"start":{"line":12,"column":2},"end":{"line":17,"column":null}},"4":{"start":{"line":5,"column":13},"end":{"line":5,"column":20}}},"fnMap":{"0":{"name":"(anonymous_6)","decl":{"start":{"line":5,"column":20},"end":{"line":5,"column":21}},"loc":{"start":{"line":12,"column":2},"end":{"line":17,"column":null}}}},"branchMap":{"0":{"loc":{"start":{"line":6,"column":2},"end":{"line":6,"column":21}},"type":"default-arg","locations":[{"start":{"line":6,"column":12},"end":{"line":6,"column":21}}]},"1":{"loc":{"start":{"line":7,"column":2},"end":{"line":7,"column":13}},"type":"default-arg","locations":[{"start":{"line":7,"column":10},"end":{"line":7,"column":13}}]},"2":{"loc":{"start":{"line":8,"column":2},"end":{"line":8,"column":20}},"type":"default-arg","locations":[{"start":{"line":8,"column":11},"end":{"line":8,"column":20}}]},"3":{"loc":{"start":{"line":9,"column":2},"end":{"line":9,"column":31}},"type":"default-arg","locations":[{"start":{"line":9,"column":26},"end":{"line":9,"column":31}}]}},"s":{"0":4,"1":4,"2":4,"3":31,"4":4},"f":{"0":31},"b":{"0":[5],"1":[19],"2":[24],"3":[31]}}
,"/Users/derick/code/aca-login/src/components/Text/helpers/getElementBySize.ts": {"path":"/Users/derick/code/aca-login/src/components/Text/helpers/getElementBySize.ts","statementMap":{"0":{"start":{"line":3,"column":17},"end":{"line":8,"column":2}},"1":{"start":{"line":10,"column":32},"end":{"line":10,"column":70}},"2":{"start":{"line":10,"column":56},"end":{"line":10,"column":70}},"3":{"start":{"line":10,"column":13},"end":{"line":10,"column":32}}},"fnMap":{"0":{"name":"(anonymous_0)","decl":{"start":{"line":10,"column":32},"end":{"line":10,"column":33}},"loc":{"start":{"line":10,"column":56},"end":{"line":10,"column":70}}}},"branchMap":{},"s":{"0":4,"1":4,"2":31,"3":4},"f":{"0":31},"b":{}}
,"/Users/derick/code/aca-login/src/services/index.ts": {"path":"/Users/derick/code/aca-login/src/services/index.ts","statementMap":{"0":{"start":{"line":1,"column":0},"end":{"line":1,"column":26}},"1":{"start":{"line":3,"column":13},"end":{"line":5,"column":3}}},"fnMap":{},"branchMap":{},"s":{"0":1,"1":1},"f":{},"b":{}}
,"/Users/derick/code/aca-login/src/storybook/decorators/BackgroundLayoutDecorator.tsx": {"path":"/Users/derick/code/aca-login/src/storybook/decorators/BackgroundLayoutDecorator.tsx","statementMap":{"0":{"start":{"line":2,"column":0},"end":{"line":2,"column":47}},"1":{"start":{"line":4,"column":41},"end":{"line":26,"column":1}},"2":{"start":{"line":5,"column":2},"end":{"line":25,"column":4}},"3":{"start":{"line":4,"column":13},"end":{"line":4,"column":41}}},"fnMap":{"0":{"name":"(anonymous_0)","decl":{"start":{"line":4,"column":41},"end":{"line":4,"column":42}},"loc":{"start":{"line":4,"column":60},"end":{"line":26,"column":1}}}},"branchMap":{},"s":{"0":3,"1":3,"2":8,"3":3},"f":{"0":8},"b":{}}
,"/Users/derick/code/aca-login/src/storybook/decorators/RouterDecorator.tsx": {"path":"/Users/derick/code/aca-login/src/storybook/decorators/RouterDecorator.tsx","statementMap":{"0":{"start":{"line":2,"column":0},"end":{"line":2,"column":63}},"1":{"start":{"line":3,"column":0},"end":{"line":3,"column":69}},"2":{"start":{"line":5,"column":31},"end":{"line":14,"column":1}},"3":{"start":{"line":6,"column":2},"end":{"line":13,"column":4}},"4":{"start":{"line":5,"column":13},"end":{"line":5,"column":31}}},"fnMap":{"0":{"name":"(anonymous_0)","decl":{"start":{"line":5,"column":31},"end":{"line":5,"column":32}},"loc":{"start":{"line":5,"column":50},"end":{"line":14,"column":1}}}},"branchMap":{},"s":{"0":1,"1":1,"2":1,"3":2,"4":1},"f":{"0":2},"b":{}}
,"/Users/derick/code/aca-login/src/storybook/decorators/ThemeDecorator.tsx": {"path":"/Users/derick/code/aca-login/src/storybook/decorators/ThemeDecorator.tsx","statementMap":{"0":{"start":{"line":2,"column":0},"end":{"line":2,"column":50}},"1":{"start":{"line":3,"column":0},"end":{"line":3,"column":49}},"2":{"start":{"line":5,"column":30},"end":{"line":8,"column":null}},"3":{"start":{"line":6,"column":2},"end":{"line":7,"column":null}},"4":{"start":{"line":5,"column":13},"end":{"line":5,"column":30}}},"fnMap":{"0":{"name":"(anonymous_0)","decl":{"start":{"line":5,"column":30},"end":{"line":5,"column":31}},"loc":{"start":{"line":6,"column":2},"end":{"line":7,"column":null}}}},"branchMap":{},"s":{"0":4,"1":4,"2":4,"3":10,"4":4},"f":{"0":10},"b":{}}
,"/Users/derick/code/aca-login/src/themes/appTheme.ts": {"path":"/Users/derick/code/aca-login/src/themes/appTheme.ts","statementMap":{"0":{"start":{"line":3,"column":13},"end":{"line":10,"column":2}},"1":{"start":{"line":12,"column":13},"end":{"line":17,"column":2}},"2":{"start":{"line":19,"column":13},"end":{"line":25,"column":2}},"3":{"start":{"line":27,"column":13},"end":{"line":31,"column":2}}},"fnMap":{},"branchMap":{},"s":{"0":4,"1":4,"2":4,"3":4},"f":{},"b":{}}
,"/Users/derick/code/aca-login/src/views/ConfirmEmail/ConfirmEmail.tsx": {"path":"/Users/derick/code/aca-login/src/views/ConfirmEmail/ConfirmEmail.tsx","statementMap":{"0":{"start":{"line":1,"column":28},"end":{"line":3,"column":1}},"1":{"start":{"line":2,"column":2},"end":{"line":2,"column":88}},"2":{"start":{"line":1,"column":13},"end":{"line":1,"column":28}}},"fnMap":{"0":{"name":"(anonymous_0)","decl":{"start":{"line":1,"column":28},"end":{"line":1,"column":31}},"loc":{"start":{"line":1,"column":33},"end":{"line":3,"column":1}}}},"branchMap":{},"s":{"0":1,"1":1,"2":1},"f":{"0":1},"b":{}}
,"/Users/derick/code/aca-login/src/views/RegisterView/RegisterView.tsx": {"path":"/Users/derick/code/aca-login/src/views/RegisterView/RegisterView.tsx","statementMap":{"0":{"start":{"line":1,"column":0},"end":{"line":1,"column":56}},"1":{"start":{"line":2,"column":0},"end":{"line":2,"column":41}},"2":{"start":{"line":3,"column":0},"end":{"line":3,"column":59}},"3":{"start":{"line":4,"column":0},"end":{"line":4,"column":43}},"4":{"start":{"line":5,"column":0},"end":{"line":5,"column":88}},"5":{"start":{"line":7,"column":28},"end":{"line":21,"column":1}},"6":{"start":{"line":8,"column":2},"end":{"line":20,"column":4}},"7":{"start":{"line":7,"column":13},"end":{"line":7,"column":28}}},"fnMap":{"0":{"name":"(anonymous_6)","decl":{"start":{"line":7,"column":28},"end":{"line":7,"column":31}},"loc":{"start":{"line":7,"column":33},"end":{"line":21,"column":1}}}},"branchMap":{},"s":{"0":1,"1":1,"2":1,"3":1,"4":1,"5":1,"6":2,"7":1},"f":{"0":2},"b":{}}
,"/Users/derick/code/aca-login/src/views/RegisterView/Header/Header.tsx": {"path":"/Users/derick/code/aca-login/src/views/RegisterView/Header/Header.tsx","statementMap":{"0":{"start":{"line":1,"column":0},"end":{"line":1,"column":52}},"1":{"start":{"line":2,"column":0},"end":{"line":2,"column":37}},"2":{"start":{"line":4,"column":22},"end":{"line":7,"column":null}},"3":{"start":{"line":5,"column":2},"end":{"line":6,"column":null}},"4":{"start":{"line":4,"column":13},"end":{"line":4,"column":22}}},"fnMap":{"0":{"name":"(anonymous_6)","decl":{"start":{"line":4,"column":22},"end":{"line":4,"column":25}},"loc":{"start":{"line":5,"column":2},"end":{"line":6,"column":null}}}},"branchMap":{},"s":{"0":1,"1":1,"2":1,"3":2,"4":1},"f":{"0":2},"b":{}}
,"/Users/derick/code/aca-login/src/views/RegisterView/RegisterForm/RegisterForm.tsx": {"path":"/Users/derick/code/aca-login/src/views/RegisterView/RegisterForm/RegisterForm.tsx","statementMap":{"0":{"start":{"line":2,"column":0},"end":{"line":2,"column":59}},"1":{"start":{"line":3,"column":0},"end":{"line":3,"column":53}},"2":{"start":{"line":4,"column":0},"end":{"line":4,"column":87}},"3":{"start":{"line":5,"column":0},"end":{"line":5,"column":43}},"4":{"start":{"line":6,"column":0},"end":{"line":6,"column":56}},"5":{"start":{"line":8,"column":0},"end":{"line":8,"column":47}},"6":{"start":{"line":9,"column":0},"end":{"line":9,"column":83}},"7":{"start":{"line":11,"column":28},"end":{"line":39,"column":1}},"8":{"start":{"line":12,"column":19},"end":{"line":12,"column":32}},"9":{"start":{"line":14,"column":66},"end":{"line":14,"column":90}},"10":{"start":{"line":16,"column":31},"end":{"line":23,"column":3}},"11":{"start":{"line":17,"column":4},"end":{"line":17,"column":27}},"12":{"start":{"line":19,"column":4},"end":{"line":19,"column":87}},"13":{"start":{"line":22,"column":4},"end":{"line":22,"column":56}},"14":{"start":{"line":22,"column":29},"end":{"line":22,"column":56}},"15":{"start":{"line":25,"column":2},"end":{"line":38,"column":4}},"16":{"start":{"line":32,"column":10},"end":{"line":32,"column":38}},"17":{"start":{"line":11,"column":13},"end":{"line":11,"column":28}}},"fnMap":{"0":{"name":"(anonymous_6)","decl":{"start":{"line":11,"column":28},"end":{"line":11,"column":31}},"loc":{"start":{"line":11,"column":33},"end":{"line":39,"column":1}}},"1":{"name":"(anonymous_7)","decl":{"start":{"line":16,"column":31},"end":{"line":16,"column":36}},"loc":{"start":{"line":16,"column":75},"end":{"line":23,"column":3}}},"2":{"name":"(anonymous_8)","decl":{"start":{"line":31,"column":24},"end":{"line":31,"column":25}},"loc":{"start":{"line":32,"column":10},"end":{"line":32,"column":38}}}},"branchMap":{"0":{"loc":{"start":{"line":22,"column":4},"end":{"line":22,"column":56}},"type":"if","locations":[{"start":{"line":22,"column":4},"end":{"line":22,"column":56}}]}},"s":{"0":1,"1":1,"2":1,"3":1,"4":1,"5":1,"6":1,"7":1,"8":3,"9":3,"10":3,"11":1,"12":1,"13":1,"14":1,"15":3,"16":15,"17":1},"f":{"0":3,"1":1,"2":15},"b":{"0":[1]}}
,"/Users/derick/code/aca-login/src/views/RegisterView/RegisterViewContext/RegisterViewContext.tsx": {"path":"/Users/derick/code/aca-login/src/views/RegisterView/RegisterViewContext/RegisterViewContext.tsx","statementMap":{"0":{"start":{"line":1,"column":0},"end":{"line":1,"column":70}},"1":{"start":{"line":8,"column":0},"end":{"line":8,"column":51}},"2":{"start":{"line":10,"column":0},"end":{"line":10,"column":67}},"3":{"start":{"line":11,"column":0},"end":{"line":11,"column":79}},"4":{"start":{"line":13,"column":58},"end":{"line":17,"column":2}},"5":{"start":{"line":19,"column":13},"end":{"line":19,"column":75}},"6":{"start":{"line":21,"column":43},"end":{"line":98,"column":1}},"7":{"start":{"line":22,"column":38},"end":{"line":22,"column":66}},"8":{"start":{"line":31,"column":29},"end":{"line":76,"column":null}},"9":{"start":{"line":33,"column":6},"end":{"line":33,"column":38}},"10":{"start":{"line":36,"column":31},"end":{"line":42,"column":8}},"11":{"start":{"line":37,"column":8},"end":{"line":41,"column":10}},"12":{"start":{"line":44,"column":6},"end":{"line":44,"column":38}},"13":{"start":{"line":46,"column":6},"end":{"line":74,"column":null}},"14":{"start":{"line":47,"column":8},"end":{"line":52,"column":11}},"15":{"start":{"line":54,"column":27},"end":{"line":54,"column":67}},"16":{"start":{"line":55,"column":26},"end":{"line":55,"column":52}},"17":{"start":{"line":56,"column":33},"end":{"line":56,"column":48}},"18":{"start":{"line":58,"column":8},"end":{"line":71,"column":null}},"19":{"start":{"line":59,"column":10},"end":{"line":68,"column":13}},"20":{"start":{"line":60,"column":39},"end":{"line":60,"column":45}},"21":{"start":{"line":62,"column":12},"end":{"line":67,"column":15}},"22":{"start":{"line":63,"column":14},"end":{"line":66,"column":null}},"23":{"start":{"line":65,"column":16},"end":{"line":65,"column":63}},"24":{"start":{"line":70,"column":10},"end":{"line":70,"column":42}},"25":{"start":{"line":79,"column":30},"end":{"line":81,"column":null}},"26":{"start":{"line":80,"column":10},"end":{"line":80,"column":63}},"27":{"start":{"line":80,"column":49},"end":{"line":80,"column":62}},"28":{"start":{"line":84,"column":60},"end":{"line":90,"column":null}},"29":{"start":{"line":85,"column":11},"end":{"line":89,"column":6}},"30":{"start":{"line":93,"column":2},"end":{"line":97,"column":4}},"31":{"start":{"line":21,"column":13},"end":{"line":21,"column":43}}},"fnMap":{"0":{"name":"(anonymous_0)","decl":{"start":{"line":14,"column":2},"end":{"line":14,"column":7}},"loc":{"start":{"line":14,"column":26},"end":{"line":14,"column":31}}},"1":{"name":"(anonymous_1)","decl":{"start":{"line":21,"column":43},"end":{"line":21,"column":44}},"loc":{"start":{"line":21,"column":86},"end":{"line":98,"column":1}}},"2":{"name":"(anonymous_2)","decl":{"start":{"line":32,"column":4},"end":{"line":32,"column":9}},"loc":{"start":{"line":32,"column":41},"end":{"line":75,"column":5}}},"3":{"name":"(anonymous_3)","decl":{"start":{"line":36,"column":46},"end":{"line":36,"column":47}},"loc":{"start":{"line":36,"column":61},"end":{"line":42,"column":7}}},"4":{"name":"(anonymous_4)","decl":{"start":{"line":59,"column":37},"end":{"line":59,"column":38}},"loc":{"start":{"line":59,"column":63},"end":{"line":68,"column":11}}},"5":{"name":"(anonymous_5)","decl":{"start":{"line":62,"column":31},"end":{"line":62,"column":32}},"loc":{"start":{"line":62,"column":53},"end":{"line":67,"column":13}}},"6":{"name":"(anonymous_6)","decl":{"start":{"line":80,"column":4},"end":{"line":80,"column":7}},"loc":{"start":{"line":80,"column":10},"end":{"line":80,"column":63}}},"7":{"name":"(anonymous_7)","decl":{"start":{"line":80,"column":27},"end":{"line":80,"column":28}},"loc":{"start":{"line":80,"column":49},"end":{"line":80,"column":62}}},"8":{"name":"(anonymous_8)","decl":{"start":{"line":85,"column":4},"end":{"line":85,"column":7}},"loc":{"start":{"line":85,"column":11},"end":{"line":89,"column":6}}}},"branchMap":{"0":{"loc":{"start":{"line":58,"column":8},"end":{"line":71,"column":null}},"type":"if","locations":[{"start":{"line":58,"column":8},"end":{"line":71,"column":null}}]},"1":{"loc":{"start":{"line":63,"column":14},"end":{"line":66,"column":null}},"type":"if","locations":[{"start":{"line":63,"column":14},"end":{"line":66,"column":null}}]}},"s":{"0":1,"1":1,"2":1,"3":1,"4":1,"5":1,"6":1,"7":5,"8":5,"9":1,"10":1,"11":5,"12":1,"13":1,"14":1,"15":1,"16":1,"17":1,"18":1,"19":0,"20":0,"21":0,"22":0,"23":0,"24":0,"25":5,"26":5,"27":25,"28":5,"29":5,"30":5,"31":1},"f":{"0":0,"1":5,"2":1,"3":5,"4":0,"5":0,"6":5,"7":25,"8":5},"b":{"0":[0],"1":[0]}}
,"/Users/derick/code/aca-login/src/views/RegisterView/RegisterViewContext/useRegisterFormContext.ts": {"path":"/Users/derick/code/aca-login/src/views/RegisterView/RegisterViewContext/useRegisterFormContext.ts","statementMap":{"0":{"start":{"line":1,"column":0},"end":{"line":1,"column":35}},"1":{"start":{"line":2,"column":0},"end":{"line":2,"column":60}},"2":{"start":{"line":4,"column":38},"end":{"line":4,"column":75}},"3":{"start":{"line":4,"column":44},"end":{"line":4,"column":75}},"4":{"start":{"line":4,"column":13},"end":{"line":4,"column":38}}},"fnMap":{"0":{"name":"(anonymous_0)","decl":{"start":{"line":4,"column":38},"end":{"line":4,"column":41}},"loc":{"start":{"line":4,"column":44},"end":{"line":4,"column":75}}}},"branchMap":{},"s":{"0":1,"1":1,"2":1,"3":3,"4":1},"f":{"0":3},"b":{}}
,"/Users/derick/code/aca-login/src/views/RegisterView/helpers/registerFormSchema.ts": {"path":"/Users/derick/code/aca-login/src/views/RegisterView/helpers/registerFormSchema.ts","statementMap":{"0":{"start":{"line":10,"column":13},"end":{"line":48,"column":2}}},"fnMap":{},"branchMap":{},"s":{"0":1},"f":{},"b":{}}
,"/Users/derick/code/aca-login/src/views/RegisterView/helpers/serializeFormInputElements.ts": {"path":"/Users/derick/code/aca-login/src/views/RegisterView/helpers/serializeFormInputElements.ts","statementMap":{"0":{"start":{"line":1,"column":42},"end":{"line":13,"column":1}},"1":{"start":{"line":4,"column":19},"end":{"line":4,"column":26}},"2":{"start":{"line":6,"column":2},"end":{"line":10,"column":5}},"3":{"start":{"line":7,"column":20},"end":{"line":7,"column":60}},"4":{"start":{"line":8,"column":4},"end":{"line":9,"column":70}},"5":{"start":{"line":9,"column":6},"end":{"line":9,"column":70}},"6":{"start":{"line":12,"column":2},"end":{"line":12,"column":18}},"7":{"start":{"line":1,"column":13},"end":{"line":1,"column":42}}},"fnMap":{"0":{"name":"(anonymous_0)","decl":{"start":{"line":1,"column":42},"end":{"line":1,"column":null}},"loc":{"start":{"line":3,"column":4},"end":{"line":13,"column":1}}},"1":{"name":"(anonymous_1)","decl":{"start":{"line":6,"column":37},"end":{"line":6,"column":38}},"loc":{"start":{"line":6,"column":50},"end":{"line":10,"column":3}}}},"branchMap":{"0":{"loc":{"start":{"line":8,"column":4},"end":{"line":9,"column":70}},"type":"if","locations":[{"start":{"line":8,"column":4},"end":{"line":9,"column":70}}]},"1":{"loc":{"start":{"line":8,"column":8},"end":{"line":8,"column":60}},"type":"binary-expr","locations":[{"start":{"line":8,"column":8},"end":{"line":8,"column":43}},{"start":{"line":8,"column":47},"end":{"line":8,"column":60}}]}},"s":{"0":1,"1":1,"2":1,"3":11,"4":11,"5":5,"6":1,"7":1},"f":{"0":1,"1":11},"b":{"0":[5],"1":[11,5]}}
,"/Users/derick/code/aca-login/src/views/RegisterView/helpers/transformHyphenToCapital.ts": {"path":"/Users/derick/code/aca-login/src/views/RegisterView/helpers/transformHyphenToCapital.ts","statementMap":{"0":{"start":{"line":1,"column":44},"end":{"line":13,"column":1}},"1":{"start":{"line":2,"column":22},"end":{"line":2,"column":29}},"2":{"start":{"line":4,"column":2},"end":{"line":10,"column":5}},"3":{"start":{"line":5,"column":23},"end":{"line":7,"column":94}},"4":{"start":{"line":7,"column":41},"end":{"line":7,"column":93}},"5":{"start":{"line":9,"column":4},"end":{"line":9,"column":62}},"6":{"start":{"line":12,"column":2},"end":{"line":12,"column":21}},"7":{"start":{"line":1,"column":13},"end":{"line":1,"column":44}},"8":{"start":{"line":15,"column":40},"end":{"line":18,"column":92}},"9":{"start":{"line":16,"column":2},"end":{"line":18,"column":92}},"10":{"start":{"line":18,"column":39},"end":{"line":18,"column":91}},"11":{"start":{"line":15,"column":13},"end":{"line":15,"column":40}}},"fnMap":{"0":{"name":"(anonymous_0)","decl":{"start":{"line":1,"column":44},"end":{"line":1,"column":63}},"loc":{"start":{"line":1,"column":77},"end":{"line":13,"column":1}}},"1":{"name":"(anonymous_1)","decl":{"start":{"line":4,"column":28},"end":{"line":4,"column":29}},"loc":{"start":{"line":4,"column":36},"end":{"line":10,"column":3}}},"2":{"name":"(anonymous_2)","decl":{"start":{"line":7,"column":30},"end":{"line":7,"column":31}},"loc":{"start":{"line":7,"column":41},"end":{"line":7,"column":93}}},"3":{"name":"(anonymous_3)","decl":{"start":{"line":15,"column":40},"end":{"line":15,"column":41}},"loc":{"start":{"line":16,"column":2},"end":{"line":18,"column":92}}},"4":{"name":"(anonymous_4)","decl":{"start":{"line":18,"column":28},"end":{"line":18,"column":29}},"loc":{"start":{"line":18,"column":39},"end":{"line":18,"column":91}}}},"branchMap":{},"s":{"0":1,"1":0,"2":0,"3":0,"4":0,"5":0,"6":0,"7":1,"8":1,"9":0,"10":0,"11":1},"f":{"0":0,"1":0,"2":0,"3":0,"4":0},"b":{}}
}
