{"/Users/derick/code/aca-login/src/components/Button/Button.tsx": {"path":"/Users/derick/code/aca-login/src/components/Button/Button.tsx","statementMap":{"0":{"start":{"line":2,"column":0},"end":{"line":2,"column":37}},"1":{"start":{"line":3,"column":0},"end":{"line":3,"column":36}},"2":{"start":{"line":4,"column":0},"end":{"line":4,"column":64}},"3":{"start":{"line":6,"column":22},"end":{"line":11,"column":null}},"4":{"start":{"line":7,"column":2},"end":{"line":10,"column":null}},"5":{"start":{"line":6,"column":13},"end":{"line":6,"column":22}}},"fnMap":{"0":{"name":"(anonymous_6)","decl":{"start":{"line":6,"column":22},"end":{"line":6,"column":23}},"loc":{"start":{"line":7,"column":2},"end":{"line":10,"column":null}}}},"branchMap":{"0":{"loc":{"start":{"line":6,"column":35},"end":{"line":6,"column":55}},"type":"default-arg","locations":[{"start":{"line":6,"column":46},"end":{"line":6,"column":55}}]}},"s":{"0":1,"1":1,"2":1,"3":1,"4":1,"5":1},"f":{"0":1},"b":{"0":[0]}}
,"/Users/derick/code/aca-login/src/components/Button/helpers/getColorByVariant.ts": {"path":"/Users/derick/code/aca-login/src/components/Button/helpers/getColorByVariant.ts","statementMap":{"0":{"start":{"line":1,"column":0},"end":{"line":1,"column":50}},"1":{"start":{"line":4,"column":49},"end":{"line":13,"column":2}},"2":{"start":{"line":15,"column":33},"end":{"line":15,"column":91}},"3":{"start":{"line":15,"column":65},"end":{"line":15,"column":91}},"4":{"start":{"line":15,"column":13},"end":{"line":15,"column":33}}},"fnMap":{"0":{"name":"(anonymous_0)","decl":{"start":{"line":15,"column":33},"end":{"line":15,"column":34}},"loc":{"start":{"line":15,"column":65},"end":{"line":15,"column":91}}}},"branchMap":{},"s":{"0":1,"1":1,"2":1,"3":2,"4":1},"f":{"0":2},"b":{}}
,"/Users/derick/code/aca-login/src/components/Icons/Eye.tsx": {"path":"/Users/derick/code/aca-login/src/components/Icons/Eye.tsx","statementMap":{"0":{"start":{"line":3,"column":19},"end":{"line":20,"column":null}},"1":{"start":{"line":4,"column":2},"end":{"line":19,"column":null}},"2":{"start":{"line":3,"column":13},"end":{"line":3,"column":19}}},"fnMap":{"0":{"name":"(anonymous_0)","decl":{"start":{"line":3,"column":19},"end":{"line":3,"column":20}},"loc":{"start":{"line":4,"column":2},"end":{"line":19,"column":null}}}},"branchMap":{},"s":{"0":1,"1":1,"2":1},"f":{"0":1},"b":{}}
,"/Users/derick/code/aca-login/src/components/Input/Input.tsx": {"path":"/Users/derick/code/aca-login/src/components/Input/Input.tsx","statementMap":{"0":{"start":{"line":1,"column":0},"end":{"line":1,"column":44}},"1":{"start":{"line":2,"column":0},"end":{"line":2,"column":35}},"2":{"start":{"line":3,"column":0},"end":{"line":3,"column":36}},"3":{"start":{"line":4,"column":0},"end":{"line":4,"column":36}},"4":{"start":{"line":7,"column":21},"end":{"line":40,"column":1}},"5":{"start":{"line":8,"column":54},"end":{"line":8,"column":76}},"6":{"start":{"line":10,"column":31},"end":{"line":10,"column":79}},"7":{"start":{"line":10,"column":37},"end":{"line":10,"column":79}},"8":{"start":{"line":12,"column":2},"end":{"line":14,"column":21}},"9":{"start":{"line":13,"column":4},"end":{"line":13,"column":40}},"10":{"start":{"line":16,"column":2},"end":{"line":39,"column":4}},"11":{"start":{"line":7,"column":13},"end":{"line":7,"column":21}}},"fnMap":{"0":{"name":"(anonymous_6)","decl":{"start":{"line":7,"column":21},"end":{"line":7,"column":22}},"loc":{"start":{"line":7,"column":83},"end":{"line":40,"column":1}}},"1":{"name":"(anonymous_7)","decl":{"start":{"line":10,"column":31},"end":{"line":10,"column":34}},"loc":{"start":{"line":10,"column":37},"end":{"line":10,"column":79}}},"2":{"name":"(anonymous_8)","decl":{"start":{"line":12,"column":12},"end":{"line":12,"column":15}},"loc":{"start":{"line":12,"column":17},"end":{"line":14,"column":3}}}},"branchMap":{"0":{"loc":{"start":{"line":7,"column":45},"end":{"line":7,"column":65}},"type":"default-arg","locations":[{"start":{"line":7,"column":60},"end":{"line":7,"column":65}}]},"1":{"loc":{"start":{"line":18,"column":7},"end":{"line":22,"column":14}},"type":"cond-expr","locations":[{"start":{"line":19,"column":8},"end":{"line":20,"column":null}},{"start":{"line":22,"column":10},"end":{"line":22,"column":14}}]},"2":{"loc":{"start":{"line":24,"column":53},"end":{"line":24,"column":93}},"type":"cond-expr","locations":[{"start":{"line":24,"column":74},"end":{"line":24,"column":84}},{"start":{"line":24,"column":87},"end":{"line":24,"column":93}}]},"3":{"loc":{"start":{"line":25,"column":9},"end":{"line":28,"column":null}},"type":"binary-expr","locations":[{"start":{"line":25,"column":9},"end":{"line":25,"column":21}},{"start":{"line":26,"column":10},"end":{"line":27,"column":null}}]},"4":{"loc":{"start":{"line":31,"column":7},"end":{"line":37,"column":14}},"type":"cond-expr","locations":[{"start":{"line":32,"column":8},"end":{"line":35,"column":null}},{"start":{"line":37,"column":10},"end":{"line":37,"column":14}}]}},"s":{"0":1,"1":1,"2":1,"3":1,"4":1,"5":6,"6":6,"7":0,"8":6,"9":5,"10":6,"11":1},"f":{"0":6,"1":0,"2":5},"b":{"0":[3],"1":[1,5],"2":[2,4],"3":[6,1],"4":[1,5]}}
,"/Users/derick/code/aca-login/src/components/Text/Text.tsx": {"path":"/Users/derick/code/aca-login/src/components/Text/Text.tsx","statementMap":{"0":{"start":{"line":2,"column":0},"end":{"line":2,"column":35}},"1":{"start":{"line":3,"column":0},"end":{"line":3,"column":62}},"2":{"start":{"line":5,"column":20},"end":{"line":17,"column":null}},"3":{"start":{"line":11,"column":2},"end":{"line":16,"column":null}},"4":{"start":{"line":5,"column":13},"end":{"line":5,"column":20}}},"fnMap":{"0":{"name":"(anonymous_6)","decl":{"start":{"line":5,"column":20},"end":{"line":5,"column":21}},"loc":{"start":{"line":11,"column":2},"end":{"line":16,"column":null}}}},"branchMap":{"0":{"loc":{"start":{"line":6,"column":2},"end":{"line":6,"column":21}},"type":"default-arg","locations":[{"start":{"line":6,"column":12},"end":{"line":6,"column":21}}]},"1":{"loc":{"start":{"line":7,"column":2},"end":{"line":7,"column":13}},"type":"default-arg","locations":[{"start":{"line":7,"column":10},"end":{"line":7,"column":13}}]},"2":{"loc":{"start":{"line":8,"column":2},"end":{"line":8,"column":20}},"type":"default-arg","locations":[{"start":{"line":8,"column":11},"end":{"line":8,"column":20}}]}},"s":{"0":3,"1":3,"2":3,"3":5,"4":3},"f":{"0":5},"b":{"0":[2],"1":[2],"2":[3]}}
,"/Users/derick/code/aca-login/src/components/Text/helpers/getElementBySize.ts": {"path":"/Users/derick/code/aca-login/src/components/Text/helpers/getElementBySize.ts","statementMap":{"0":{"start":{"line":3,"column":17},"end":{"line":8,"column":2}},"1":{"start":{"line":10,"column":32},"end":{"line":10,"column":70}},"2":{"start":{"line":10,"column":56},"end":{"line":10,"column":70}},"3":{"start":{"line":10,"column":13},"end":{"line":10,"column":32}}},"fnMap":{"0":{"name":"(anonymous_0)","decl":{"start":{"line":10,"column":32},"end":{"line":10,"column":33}},"loc":{"start":{"line":10,"column":56},"end":{"line":10,"column":70}}}},"branchMap":{},"s":{"0":3,"1":3,"2":5,"3":3},"f":{"0":5},"b":{}}
,"/Users/derick/code/aca-login/src/storybook/decorators/BackgroundLayout.tsx": {"path":"/Users/derick/code/aca-login/src/storybook/decorators/BackgroundLayout.tsx","statementMap":{"0":{"start":{"line":2,"column":0},"end":{"line":2,"column":47}},"1":{"start":{"line":4,"column":32},"end":{"line":26,"column":1}},"2":{"start":{"line":5,"column":2},"end":{"line":25,"column":4}},"3":{"start":{"line":4,"column":13},"end":{"line":4,"column":32}}},"fnMap":{"0":{"name":"(anonymous_0)","decl":{"start":{"line":4,"column":32},"end":{"line":4,"column":33}},"loc":{"start":{"line":4,"column":51},"end":{"line":26,"column":1}}}},"branchMap":{},"s":{"0":3,"1":3,"2":8,"3":3},"f":{"0":8},"b":{}}
,"/Users/derick/code/aca-login/src/storybook/decorators/ThemeDecorator.tsx": {"path":"/Users/derick/code/aca-login/src/storybook/decorators/ThemeDecorator.tsx","statementMap":{"0":{"start":{"line":2,"column":0},"end":{"line":2,"column":50}},"1":{"start":{"line":3,"column":0},"end":{"line":3,"column":49}},"2":{"start":{"line":5,"column":30},"end":{"line":8,"column":null}},"3":{"start":{"line":6,"column":2},"end":{"line":7,"column":null}},"4":{"start":{"line":5,"column":13},"end":{"line":5,"column":30}}},"fnMap":{"0":{"name":"(anonymous_0)","decl":{"start":{"line":5,"column":30},"end":{"line":5,"column":31}},"loc":{"start":{"line":6,"column":2},"end":{"line":7,"column":null}}}},"branchMap":{},"s":{"0":3,"1":3,"2":3,"3":8,"4":3},"f":{"0":8},"b":{}}
,"/Users/derick/code/aca-login/src/themes/appTheme.ts": {"path":"/Users/derick/code/aca-login/src/themes/appTheme.ts","statementMap":{"0":{"start":{"line":3,"column":13},"end":{"line":10,"column":2}},"1":{"start":{"line":12,"column":13},"end":{"line":17,"column":2}},"2":{"start":{"line":19,"column":13},"end":{"line":25,"column":2}},"3":{"start":{"line":27,"column":13},"end":{"line":31,"column":2}}},"fnMap":{},"branchMap":{},"s":{"0":3,"1":3,"2":3,"3":3},"f":{},"b":{}}
}
