TN:
SF:src/components/Button/Button.tsx
FN:6,(anonymous_6)
FNF:1
FNH:1
FNDA:1,(anonymous_6)
DA:2,1
DA:3,1
DA:4,1
DA:6,1
DA:7,1
LF:5
LH:5
BRDA:6,0,0,0
BRF:1
BRH:0
end_of_record
TN:
SF:src/components/Button/helpers/getColorByVariant.ts
FN:15,(anonymous_0)
FNF:1
FNH:1
FNDA:2,(anonymous_0)
DA:1,1
DA:4,1
DA:15,2
LF:3
LH:3
BRF:0
BRH:0
end_of_record
TN:
SF:src/components/Icons/Eye.tsx
FN:3,(anonymous_0)
FNF:1
FNH:1
FNDA:1,(anonymous_0)
DA:3,1
DA:4,1
LF:2
LH:2
BRF:0
BRH:0
end_of_record
TN:
SF:src/components/Input/Input.tsx
FN:7,(anonymous_6)
FN:10,(anonymous_7)
FN:12,(anonymous_8)
FNF:3
FNH:2
FNDA:6,(anonymous_6)
FNDA:0,(anonymous_7)
FNDA:5,(anonymous_8)
DA:1,1
DA:2,1
DA:3,1
DA:4,1
DA:7,1
DA:8,6
DA:10,6
DA:12,6
DA:13,5
DA:16,6
LF:10
LH:10
BRDA:7,0,0,3
BRDA:18,1,0,1
BRDA:18,1,1,5
BRDA:24,2,0,2
BRDA:24,2,1,4
BRDA:25,3,0,6
BRDA:25,3,1,1
BRDA:31,4,0,1
BRDA:31,4,1,5
BRF:9
BRH:9
end_of_record
TN:
SF:src/components/Text/Text.tsx
FN:5,(anonymous_6)
FNF:1
FNH:1
FNDA:5,(anonymous_6)
DA:2,3
DA:3,3
DA:5,3
DA:11,5
LF:4
LH:4
BRDA:6,0,0,2
BRDA:7,1,0,2
BRDA:8,2,0,3
BRF:3
BRH:3
end_of_record
TN:
SF:src/components/Text/helpers/getElementBySize.ts
FN:10,(anonymous_0)
FNF:1
FNH:1
FNDA:5,(anonymous_0)
DA:3,3
DA:10,5
LF:2
LH:2
BRF:0
BRH:0
end_of_record
TN:
SF:src/storybook/decorators/BackgroundLayout.tsx
FN:4,(anonymous_0)
FNF:1
FNH:1
FNDA:8,(anonymous_0)
DA:2,3
DA:4,3
DA:5,8
LF:3
LH:3
BRF:0
BRH:0
end_of_record
TN:
SF:src/storybook/decorators/ThemeDecorator.tsx
FN:5,(anonymous_0)
FNF:1
FNH:1
FNDA:8,(anonymous_0)
DA:2,3
DA:3,3
DA:5,3
DA:6,8
LF:4
LH:4
BRF:0
BRH:0
end_of_record
TN:
SF:src/themes/appTheme.ts
FNF:0
FNH:0
DA:3,3
DA:12,3
DA:19,3
DA:27,3
LF:4
LH:4
BRF:0
BRH:0
end_of_record
