TN:
SF:src/components/Button/Button.tsx
FN:6,(anonymous_6)
FNF:1
FNH:1
FNDA:6,(anonymous_6)
DA:2,2
DA:3,2
DA:4,2
DA:6,2
DA:7,6
LF:5
LH:5
BRDA:6,0,0,5
BRF:1
BRH:1
end_of_record
TN:
SF:src/components/Button/helpers/getColorByVariant.ts
FN:15,(anonymous_0)
FNF:1
FNH:1
FNDA:12,(anonymous_0)
DA:1,2
DA:4,2
DA:15,12
LF:3
LH:3
BRF:0
BRH:0
end_of_record
TN:
SF:src/components/Icons/Aca.tsx
FN:62,(anonymous_0)
FNF:1
FNH:1
FNDA:2,(anonymous_0)
DA:1,1
DA:62,1
DA:63,2
LF:3
LH:3
BRF:0
BRH:0
end_of_record
TN:
SF:src/components/Icons/Eye.tsx
FN:3,(anonymous_0)
FNF:1
FNH:1
FNDA:7,(anonymous_0)
DA:3,2
DA:4,7
LF:2
LH:2
BRF:0
BRH:0
end_of_record
TN:
SF:src/components/Input/Input.tsx
FN:7,(anonymous_6)
FN:10,(anonymous_7)
FN:12,(anonymous_8)
FNF:3
FNH:2
FNDA:26,(anonymous_6)
FNDA:0,(anonymous_7)
FNDA:15,(anonymous_8)
DA:1,2
DA:2,2
DA:3,2
DA:4,2
DA:7,2
DA:8,26
DA:10,26
DA:12,26
DA:13,15
DA:16,26
LF:10
LH:10
BRDA:7,0,0,15
BRDA:18,1,0,21
BRDA:18,1,1,5
BRDA:26,2,0,10
BRDA:26,2,1,16
BRDA:29,3,0,26
BRDA:29,3,1,9
BRDA:35,4,0,1
BRDA:35,4,1,25
BRF:9
BRH:9
end_of_record
TN:
SF:src/components/Text/Text.tsx
FN:5,(anonymous_6)
FNF:1
FNH:1
FNDA:31,(anonymous_6)
DA:2,4
DA:3,4
DA:5,4
DA:12,31
LF:4
LH:4
BRDA:6,0,0,5
BRDA:7,1,0,19
BRDA:8,2,0,24
BRDA:9,3,0,31
BRF:4
BRH:4
end_of_record
TN:
SF:src/components/Text/helpers/getElementBySize.ts
FN:10,(anonymous_0)
FNF:1
FNH:1
FNDA:31,(anonymous_0)
DA:3,4
DA:10,31
LF:2
LH:2
BRF:0
BRH:0
end_of_record
TN:
SF:src/services/index.ts
FNF:0
FNH:0
DA:1,1
DA:3,1
LF:2
LH:2
BRF:0
BRH:0
end_of_record
TN:
SF:src/storybook/decorators/BackgroundLayoutDecorator.tsx
FN:4,(anonymous_0)
FNF:1
FNH:1
FNDA:8,(anonymous_0)
DA:2,3
DA:4,3
DA:5,8
LF:3
LH:3
BRF:0
BRH:0
end_of_record
TN:
SF:src/storybook/decorators/RouterDecorator.tsx
FN:5,(anonymous_0)
FNF:1
FNH:1
FNDA:2,(anonymous_0)
DA:2,1
DA:3,1
DA:5,1
DA:6,2
LF:4
LH:4
BRF:0
BRH:0
end_of_record
TN:
SF:src/storybook/decorators/ThemeDecorator.tsx
FN:5,(anonymous_0)
FNF:1
FNH:1
FNDA:10,(anonymous_0)
DA:2,4
DA:3,4
DA:5,4
DA:6,10
LF:4
LH:4
BRF:0
BRH:0
end_of_record
TN:
SF:src/themes/appTheme.ts
FNF:0
FNH:0
DA:3,4
DA:12,4
DA:19,4
DA:27,4
LF:4
LH:4
BRF:0
BRH:0
end_of_record
TN:
SF:src/views/ConfirmEmail/ConfirmEmail.tsx
FN:1,(anonymous_0)
FNF:1
FNH:1
FNDA:1,(anonymous_0)
DA:1,1
DA:2,1
LF:2
LH:2
BRF:0
BRH:0
end_of_record
TN:
SF:src/views/RegisterView/RegisterView.tsx
FN:7,(anonymous_6)
FNF:1
FNH:1
FNDA:2,(anonymous_6)
DA:1,1
DA:2,1
DA:3,1
DA:4,1
DA:5,1
DA:7,1
DA:8,2
LF:7
LH:7
BRF:0
BRH:0
end_of_record
TN:
SF:src/views/RegisterView/Header/Header.tsx
FN:4,(anonymous_6)
FNF:1
FNH:1
FNDA:2,(anonymous_6)
DA:1,1
DA:2,1
DA:4,1
DA:5,2
LF:4
LH:4
BRF:0
BRH:0
end_of_record
TN:
SF:src/views/RegisterView/RegisterForm/RegisterForm.tsx
FN:11,(anonymous_6)
FN:16,(anonymous_7)
FN:31,(anonymous_8)
FNF:3
FNH:3
FNDA:3,(anonymous_6)
FNDA:1,(anonymous_7)
FNDA:15,(anonymous_8)
DA:2,1
DA:3,1
DA:4,1
DA:5,1
DA:6,1
DA:8,1
DA:9,1
DA:11,1
DA:12,3
DA:14,3
DA:16,3
DA:17,1
DA:19,1
DA:22,1
DA:25,3
DA:32,15
LF:16
LH:16
BRDA:22,0,0,1
BRF:1
BRH:1
end_of_record
TN:
SF:src/views/RegisterView/RegisterViewContext/RegisterViewContext.tsx
FN:14,(anonymous_0)
FN:21,(anonymous_1)
FN:32,(anonymous_2)
FN:36,(anonymous_3)
FN:59,(anonymous_4)
FN:62,(anonymous_5)
FN:80,(anonymous_6)
FN:80,(anonymous_7)
FN:85,(anonymous_8)
FNF:9
FNH:6
FNDA:0,(anonymous_0)
FNDA:5,(anonymous_1)
FNDA:1,(anonymous_2)
FNDA:5,(anonymous_3)
FNDA:0,(anonymous_4)
FNDA:0,(anonymous_5)
FNDA:5,(anonymous_6)
FNDA:25,(anonymous_7)
FNDA:5,(anonymous_8)
DA:1,1
DA:8,1
DA:10,1
DA:11,1
DA:13,1
DA:19,1
DA:21,1
DA:22,5
DA:31,5
DA:33,1
DA:36,1
DA:37,5
DA:44,1
DA:46,1
DA:47,1
DA:54,1
DA:55,1
DA:56,1
DA:58,1
DA:59,0
DA:60,0
DA:62,0
DA:63,0
DA:65,0
DA:70,0
DA:79,5
DA:80,25
DA:84,5
DA:85,5
DA:93,5
LF:30
LH:24
BRDA:58,0,0,0
BRDA:63,1,0,0
BRF:2
BRH:0
end_of_record
TN:
SF:src/views/RegisterView/RegisterViewContext/useRegisterFormContext.ts
FN:4,(anonymous_0)
FNF:1
FNH:1
FNDA:3,(anonymous_0)
DA:1,1
DA:2,1
DA:4,3
LF:3
LH:3
BRF:0
BRH:0
end_of_record
TN:
SF:src/views/RegisterView/helpers/registerFormSchema.ts
FNF:0
FNH:0
DA:10,1
LF:1
LH:1
BRF:0
BRH:0
end_of_record
TN:
SF:src/views/RegisterView/helpers/serializeFormInputElements.ts
FN:1,(anonymous_0)
FN:6,(anonymous_1)
FNF:2
FNH:2
FNDA:1,(anonymous_0)
FNDA:11,(anonymous_1)
DA:1,1
DA:4,1
DA:6,1
DA:7,11
DA:8,11
DA:9,5
DA:12,1
LF:7
LH:7
BRDA:8,0,0,5
BRDA:8,1,0,11
BRDA:8,1,1,5
BRF:3
BRH:3
end_of_record
TN:
SF:src/views/RegisterView/helpers/transformHyphenToCapital.ts
FN:1,(anonymous_0)
FN:4,(anonymous_1)
FN:7,(anonymous_2)
FN:15,(anonymous_3)
FN:18,(anonymous_4)
FNF:5
FNH:0
FNDA:0,(anonymous_0)
FNDA:0,(anonymous_1)
FNDA:0,(anonymous_2)
FNDA:0,(anonymous_3)
FNDA:0,(anonymous_4)
DA:1,1
DA:2,0
DA:4,0
DA:5,0
DA:7,0
DA:9,0
DA:12,0
DA:15,1
DA:16,0
DA:18,0
LF:10
LH:2
BRF:0
BRH:0
end_of_record
